<?xml version="1.0" encoding="UTF-8"?>
<testng-results ignored="0" total="2" passed="2" failed="0" skipped="0">
  <reporter-output>
  </reporter-output>
  <suite started-at="2021-05-06T21:04:28 IST" name="Suite" finished-at="2021-05-06T21:04:32 IST" duration-ms="3834">
    <groups>
    </groups>
    <test started-at="2021-05-06T21:04:28 IST" name="Test" finished-at="2021-05-06T21:04:32 IST" duration-ms="3834">
      <class name="rest.testCases1">
        <test-method signature="GetAllVideos()[pri:0, instance:rest.testCases1@53ca01a2]" started-at="2021-05-06T21:04:28 IST" name="GetAllVideos" finished-at="2021-05-06T21:04:31 IST" duration-ms="2620" status="PASS">
          <reporter-output>
          </reporter-output>
        </test-method> <!-- GetAllVideos -->
        <test-method signature="PostVideoGames()[pri:0, instance:rest.testCases1@53ca01a2]" started-at="2021-05-06T21:04:31 IST" name="PostVideoGames" finished-at="2021-05-06T21:04:32 IST" duration-ms="1151" status="PASS">
          <reporter-output>
          </reporter-output>
        </test-method> <!-- PostVideoGames -->
      </class> <!-- rest.testCases1 -->
    </test> <!-- Test -->
  </suite> <!-- Suite -->
</testng-results>
